  ADS_CA2_Tree.cpp
C:\Users\Ciaran\Documents\algorythm repository\AlgorythmCAArnas-Ciaran\VisualstudioProjectFiles\ADS_CA2_Tree-master\ADS_CA2_Tree\TNode.h(40,14): error C2838: '{ctor}': illegal qualified name in member declaration
C:\Users\Ciaran\Documents\algorythm repository\AlgorythmCAArnas-Ciaran\VisualstudioProjectFiles\ADS_CA2_Tree-master\ADS_CA2_Tree\TNode.h(84): message : see reference to class template instantiation 'TNode<K,E>' being compiled
C:\Users\Ciaran\Documents\algorythm repository\AlgorythmCAArnas-Ciaran\VisualstudioProjectFiles\ADS_CA2_Tree-master\ADS_CA2_Tree\TNode.h(41,2): error C2059: syntax error: '{'
C:\Users\Ciaran\Documents\algorythm repository\AlgorythmCAArnas-Ciaran\VisualstudioProjectFiles\ADS_CA2_Tree-master\ADS_CA2_Tree\TNode.h(41,1): error C2334: unexpected token(s) preceding '{'; skipping apparent function body
C:\Users\Ciaran\Documents\algorythm repository\AlgorythmCAArnas-Ciaran\VisualstudioProjectFiles\ADS_CA2_Tree-master\ADS_CA2_Tree\TNode.h(58,16): error C7511: 'K': 'typename' keyword must be followed by a qualified name
C:\Users\Ciaran\Documents\algorythm repository\AlgorythmCAArnas-Ciaran\VisualstudioProjectFiles\ADS_CA2_Tree-master\ADS_CA2_Tree\TNode.h(56,7): message : This diagnostic occurred in the compiler generated function 'bool TNode<K,E>::insertdata(K,E)'
C:\Users\Ciaran\Documents\algorythm repository\AlgorythmCAArnas-Ciaran\VisualstudioProjectFiles\ADS_CA2_Tree-master\ADS_CA2_Tree\TNode.h(58,18): error C3878: syntax error: unexpected token '==' following 'expression'
C:\Users\Ciaran\Documents\algorythm repository\AlgorythmCAArnas-Ciaran\VisualstudioProjectFiles\ADS_CA2_Tree-master\ADS_CA2_Tree\TNode.h(56,7): message : This diagnostic occurred in the compiler generated function 'bool TNode<K,E>::insertdata(K,E)'
C:\Users\Ciaran\Documents\algorythm repository\AlgorythmCAArnas-Ciaran\VisualstudioProjectFiles\ADS_CA2_Tree-master\ADS_CA2_Tree\TNode.h(58,18): message : error recovery skipped: '== nullptr'
C:\Users\Ciaran\Documents\algorythm repository\AlgorythmCAArnas-Ciaran\VisualstudioProjectFiles\ADS_CA2_Tree-master\ADS_CA2_Tree\TNode.h(56,7): message : This diagnostic occurred in the compiler generated function 'bool TNode<K,E>::insertdata(K,E)'
C:\Users\Ciaran\Documents\algorythm repository\AlgorythmCAArnas-Ciaran\VisualstudioProjectFiles\ADS_CA2_Tree-master\ADS_CA2_Tree\TNode.h(66,13): error C3878: syntax error: unexpected token 'new' following 'expression'
C:\Users\Ciaran\Documents\algorythm repository\AlgorythmCAArnas-Ciaran\VisualstudioProjectFiles\ADS_CA2_Tree-master\ADS_CA2_Tree\TNode.h(56,7): message : This diagnostic occurred in the compiler generated function 'bool TNode<K,E>::insertdata(K,E)'
C:\Users\Ciaran\Documents\algorythm repository\AlgorythmCAArnas-Ciaran\VisualstudioProjectFiles\ADS_CA2_Tree-master\ADS_CA2_Tree\TNode.h(66,13): message : error recovery skipped: 'new identifier (  . . . identifier'
C:\Users\Ciaran\Documents\algorythm repository\AlgorythmCAArnas-Ciaran\VisualstudioProjectFiles\ADS_CA2_Tree-master\ADS_CA2_Tree\TNode.h(56,7): message : This diagnostic occurred in the compiler generated function 'bool TNode<K,E>::insertdata(K,E)'
C:\Users\Ciaran\Documents\algorythm repository\AlgorythmCAArnas-Ciaran\VisualstudioProjectFiles\ADS_CA2_Tree-master\ADS_CA2_Tree\TNode.h(66,33): error C2760: syntax error: ',' was unexpected here; expected ';'
C:\Users\Ciaran\Documents\algorythm repository\AlgorythmCAArnas-Ciaran\VisualstudioProjectFiles\ADS_CA2_Tree-master\ADS_CA2_Tree\TNode.h(56,7): message : This diagnostic occurred in the compiler generated function 'bool TNode<K,E>::insertdata(K,E)'
C:\Users\Ciaran\Documents\algorythm repository\AlgorythmCAArnas-Ciaran\VisualstudioProjectFiles\ADS_CA2_Tree-master\ADS_CA2_Tree\TNode.h(66,33): error C3878: syntax error: unexpected token ',' following 'expression_statement'
C:\Users\Ciaran\Documents\algorythm repository\AlgorythmCAArnas-Ciaran\VisualstudioProjectFiles\ADS_CA2_Tree-master\ADS_CA2_Tree\TNode.h(56,7): message : This diagnostic occurred in the compiler generated function 'bool TNode<K,E>::insertdata(K,E)'
C:\Users\Ciaran\Documents\algorythm repository\AlgorythmCAArnas-Ciaran\VisualstudioProjectFiles\ADS_CA2_Tree-master\ADS_CA2_Tree\TNode.h(66,33): message : error recovery skipped: ','
C:\Users\Ciaran\Documents\algorythm repository\AlgorythmCAArnas-Ciaran\VisualstudioProjectFiles\ADS_CA2_Tree-master\ADS_CA2_Tree\TNode.h(56,7): message : This diagnostic occurred in the compiler generated function 'bool TNode<K,E>::insertdata(K,E)'
C:\Users\Ciaran\Documents\algorythm repository\AlgorythmCAArnas-Ciaran\VisualstudioProjectFiles\ADS_CA2_Tree-master\ADS_CA2_Tree\TNode.h(66,44): error C7511: 'E': 'typename' keyword must be followed by a qualified name
C:\Users\Ciaran\Documents\algorythm repository\AlgorythmCAArnas-Ciaran\VisualstudioProjectFiles\ADS_CA2_Tree-master\ADS_CA2_Tree\TNode.h(56,7): message : This diagnostic occurred in the compiler generated function 'bool TNode<K,E>::insertdata(K,E)'
C:\Users\Ciaran\Documents\algorythm repository\AlgorythmCAArnas-Ciaran\VisualstudioProjectFiles\ADS_CA2_Tree-master\ADS_CA2_Tree\TNode.h(66,45): error C3878: syntax error: unexpected token ')' following 'statement'
C:\Users\Ciaran\Documents\algorythm repository\AlgorythmCAArnas-Ciaran\VisualstudioProjectFiles\ADS_CA2_Tree-master\ADS_CA2_Tree\TNode.h(56,7): message : This diagnostic occurred in the compiler generated function 'bool TNode<K,E>::insertdata(K,E)'
C:\Users\Ciaran\Documents\algorythm repository\AlgorythmCAArnas-Ciaran\VisualstudioProjectFiles\ADS_CA2_Tree-master\ADS_CA2_Tree\TNode.h(66,45): error C3878: syntax error: unexpected token ')' following 'statement_seq'
C:\Users\Ciaran\Documents\algorythm repository\AlgorythmCAArnas-Ciaran\VisualstudioProjectFiles\ADS_CA2_Tree-master\ADS_CA2_Tree\TNode.h(66,45): message : missing one of:  '}' ?
C:\Users\Ciaran\Documents\algorythm repository\AlgorythmCAArnas-Ciaran\VisualstudioProjectFiles\ADS_CA2_Tree-master\ADS_CA2_Tree\TNode.h(56,7): message : This diagnostic occurred in the compiler generated function 'bool TNode<K,E>::insertdata(K,E)'
C:\Users\Ciaran\Documents\algorythm repository\AlgorythmCAArnas-Ciaran\VisualstudioProjectFiles\ADS_CA2_Tree-master\ADS_CA2_Tree\TNode.h(66,45): error C2760: syntax error: ')' was unexpected here; expected '}'
C:\Users\Ciaran\Documents\algorythm repository\AlgorythmCAArnas-Ciaran\VisualstudioProjectFiles\ADS_CA2_Tree-master\ADS_CA2_Tree\TNode.h(56,7): message : This diagnostic occurred in the compiler generated function 'bool TNode<K,E>::insertdata(K,E)'
C:\Users\Ciaran\Documents\algorythm repository\AlgorythmCAArnas-Ciaran\VisualstudioProjectFiles\ADS_CA2_Tree-master\ADS_CA2_Tree\TNode.h(66,45): error C3878: syntax error: unexpected token ')' following 'compound_statement'
C:\Users\Ciaran\Documents\algorythm repository\AlgorythmCAArnas-Ciaran\VisualstudioProjectFiles\ADS_CA2_Tree-master\ADS_CA2_Tree\TNode.h(56,7): message : This diagnostic occurred in the compiler generated function 'bool TNode<K,E>::insertdata(K,E)'
C:\Users\Ciaran\Documents\algorythm repository\AlgorythmCAArnas-Ciaran\VisualstudioProjectFiles\ADS_CA2_Tree-master\ADS_CA2_Tree\TNode.h(66,45): error C3878: syntax error: unexpected token ')' following 'selection_statement'
C:\Users\Ciaran\Documents\algorythm repository\AlgorythmCAArnas-Ciaran\VisualstudioProjectFiles\ADS_CA2_Tree-master\ADS_CA2_Tree\TNode.h(56,7): message : This diagnostic occurred in the compiler generated function 'bool TNode<K,E>::insertdata(K,E)'
C:\Users\Ciaran\Documents\algorythm repository\AlgorythmCAArnas-Ciaran\VisualstudioProjectFiles\ADS_CA2_Tree-master\ADS_CA2_Tree\TNode.h(66,45): message : error recovery skipped: ')'
C:\Users\Ciaran\Documents\algorythm repository\AlgorythmCAArnas-Ciaran\VisualstudioProjectFiles\ADS_CA2_Tree-master\ADS_CA2_Tree\TNode.h(56,7): message : This diagnostic occurred in the compiler generated function 'bool TNode<K,E>::insertdata(K,E)'
C:\Users\Ciaran\Documents\algorythm repository\AlgorythmCAArnas-Ciaran\VisualstudioProjectFiles\ADS_CA2_Tree-master\ADS_CA2_Tree\ADS_CA2_Tree.cpp(40,17): error C3861: 'getline': identifier not found
C:\Users\Ciaran\Documents\algorythm repository\AlgorythmCAArnas-Ciaran\VisualstudioProjectFiles\ADS_CA2_Tree-master\ADS_CA2_Tree\ADS_CA2_Tree.cpp(64,45): error C2143: syntax error: missing ';' before '}'
C:\Users\Ciaran\Documents\algorythm repository\AlgorythmCAArnas-Ciaran\VisualstudioProjectFiles\ADS_CA2_Tree-master\ADS_CA2_Tree\ADS_CA2_Tree.cpp(107,9): error C2059: syntax error: '}'
C:\Users\Ciaran\Documents\algorythm repository\AlgorythmCAArnas-Ciaran\VisualstudioProjectFiles\ADS_CA2_Tree-master\ADS_CA2_Tree\ADS_CA2_Tree.cpp(107,9): error C2143: syntax error: missing ';' before '}'
C:\Users\Ciaran\Documents\algorythm repository\AlgorythmCAArnas-Ciaran\VisualstudioProjectFiles\ADS_CA2_Tree-master\ADS_CA2_Tree\ADS_CA2_Tree.cpp(113,1): error C2143: syntax error: missing ';' before '{'
C:\Users\Ciaran\Documents\algorythm repository\AlgorythmCAArnas-Ciaran\VisualstudioProjectFiles\ADS_CA2_Tree-master\ADS_CA2_Tree\ADS_CA2_Tree.cpp(113,1): error C2447: '{': missing function header (old-style formal list?)
